<?xml version="1.0" encoding="UTF-8"?>
<testsuite xmlns:xsi="http://www.w3.org/2001/XMLSchema-instance" xsi:noNamespaceSchemaLocation="https://maven.apache.org/surefire/maven-surefire-plugin/xsd/surefire-test-report-3.0.xsd" version="3.0" name="no.nav.tilgangsmaskin.ansatt.NavIdTest" time="0.021" tests="4" errors="0" skipped="0" failures="0">
  <properties>
    <property name="java.specification.version" value="24"/>
    <property name="sun.jnu.encoding" value="UTF-8"/>
    <property name="java.class.path" value="/Users/Jan-Olav.Eide/workspaces/tilgangsmaskin/target/test-classes:/Users/Jan-Olav.Eide/workspaces/tilgangsmaskin/target/classes:/Users/Jan-Olav.Eide/.m2/repository/io/opentelemetry/instrumentation/opentelemetry-logback-mdc-1.0/2.18.1-alpha/opentelemetry-logback-mdc-1.0-2.18.1-alpha.jar:/Users/Jan-Olav.Eide/.m2/repository/io/opentelemetry/instrumentation/opentelemetry-instrumentation-api/2.18.1/opentelemetry-instrumentation-api-2.18.1.jar:/Users/Jan-Olav.Eide/.m2/repository/io/opentelemetry/opentelemetry-api-incubator/1.52.0-alpha/opentelemetry-api-incubator-1.52.0-alpha.jar:/Users/Jan-Olav.Eide/.m2/repository/io/opentelemetry/semconv/opentelemetry-semconv/1.34.0/opentelemetry-semconv-1.34.0.jar:/Users/Jan-Olav.Eide/.m2/repository/io/opentelemetry/instrumentation/opentelemetry-instrumentation-api-incubator/2.18.1-alpha/opentelemetry-instrumentation-api-incubator-2.18.1-alpha.jar:/Users/Jan-Olav.Eide/.m2/repository/com/fasterxml/jackson/module/jackson-module-kotlin/2.19.2/jackson-module-kotlin-2.19.2.jar:/Users/Jan-Olav.Eide/.m2/repository/com/fasterxml/jackson/core/jackson-databind/2.19.2/jackson-databind-2.19.2.jar:/Users/Jan-Olav.Eide/.m2/repository/com/fasterxml/jackson/core/jackson-core/2.19.2/jackson-core-2.19.2.jar:/Users/Jan-Olav.Eide/.m2/repository/com/fasterxml/jackson/core/jackson-annotations/2.19.2/jackson-annotations-2.19.2.jar:/Users/Jan-Olav.Eide/.m2/repository/io/micrometer/micrometer-core/1.15.2/micrometer-core-1.15.2.jar:/Users/Jan-Olav.Eide/.m2/repository/io/micrometer/micrometer-commons/1.15.2/micrometer-commons-1.15.2.jar:/Users/Jan-Olav.Eide/.m2/repository/io/micrometer/micrometer-observation/1.15.2/micrometer-observation-1.15.2.jar:/Users/Jan-Olav.Eide/.m2/repository/org/hdrhistogram/HdrHistogram/2.2.2/HdrHistogram-2.2.2.jar:/Users/Jan-Olav.Eide/.m2/repository/org/latencyutils/LatencyUtils/2.0.3/LatencyUtils-2.0.3.jar:/Users/Jan-Olav.Eide/.m2/repository/io/micrometer/micrometer-registry-prometheus/1.15.2/micrometer-registry-prometheus-1.15.2.jar:/Users/Jan-Olav.Eide/.m2/repository/io/prometheus/prometheus-metrics-core/1.3.10/prometheus-metrics-core-1.3.10.jar:/Users/Jan-Olav.Eide/.m2/repository/io/prometheus/prometheus-metrics-model/1.3.10/prometheus-metrics-model-1.3.10.jar:/Users/Jan-Olav.Eide/.m2/repository/io/prometheus/prometheus-metrics-config/1.3.10/prometheus-metrics-config-1.3.10.jar:/Users/Jan-Olav.Eide/.m2/repository/io/prometheus/prometheus-metrics-tracer-common/1.3.10/prometheus-metrics-tracer-common-1.3.10.jar:/Users/Jan-Olav.Eide/.m2/repository/io/prometheus/prometheus-metrics-exposition-formats/1.3.10/prometheus-metrics-exposition-formats-1.3.10.jar:/Users/Jan-Olav.Eide/.m2/repository/io/prometheus/prometheus-metrics-exposition-textformats/1.3.10/prometheus-metrics-exposition-textformats-1.3.10.jar:/Users/Jan-Olav.Eide/.m2/repository/io/micrometer/micrometer-tracing/1.5.2/micrometer-tracing-1.5.2.jar:/Users/Jan-Olav.Eide/.m2/repository/io/micrometer/context-propagation/1.1.3/context-propagation-1.1.3.jar:/Users/Jan-Olav.Eide/.m2/repository/aopalliance/aopalliance/1.0/aopalliance-1.0.jar:/Users/Jan-Olav.Eide/.m2/repository/io/opentelemetry/opentelemetry-api/1.52.0/opentelemetry-api-1.52.0.jar:/Users/Jan-Olav.Eide/.m2/repository/io/opentelemetry/opentelemetry-context/1.52.0/opentelemetry-context-1.52.0.jar:/Users/Jan-Olav.Eide/.m2/repository/io/opentelemetry/opentelemetry-common/1.52.0/opentelemetry-common-1.52.0.jar:/Users/Jan-Olav.Eide/.m2/repository/net/logstash/logback/logstash-logback-encoder/8.1/logstash-logback-encoder-8.1.jar:/Users/Jan-Olav.Eide/.m2/repository/no/nav/boot/boot-conditionals/5.1.9/boot-conditionals-5.1.9.jar:/Users/Jan-Olav.Eide/.m2/repository/org/jetbrains/kotlin/kotlin-stdlib-jdk8/1.9.25/kotlin-stdlib-jdk8-1.9.25.jar:/Users/Jan-Olav.Eide/.m2/repository/org/jetbrains/kotlin/kotlin-stdlib-jdk7/1.9.25/kotlin-stdlib-jdk7-1.9.25.jar:/Users/Jan-Olav.Eide/.m2/repository/ch/qos/logback/logback-core/1.5.18/logback-core-1.5.18.jar:/Users/Jan-Olav.Eide/.m2/repository/org/slf4j/slf4j-api/2.0.17/slf4j-api-2.0.17.jar:/Users/Jan-Olav.Eide/.m2/repository/org/springframework/boot/spring-boot-autoconfigure/3.5.4/spring-boot-autoconfigure-3.5.4.jar:/Users/Jan-Olav.Eide/.m2/repository/no/nav/security/token-client-spring/5.0.33/token-client-spring-5.0.33.jar:/Users/Jan-Olav.Eide/.m2/repository/no/nav/security/token-validation-core/5.0.33/token-validation-core-5.0.33.jar:/Users/Jan-Olav.Eide/.m2/repository/no/nav/security/token-client-core/5.0.33/token-client-core-5.0.33.jar:/Users/Jan-Olav.Eide/.m2/repository/org/springframework/spring-web/6.2.9/spring-web-6.2.9.jar:/Users/Jan-Olav.Eide/.m2/repository/org/springframework/spring-beans/6.2.9/spring-beans-6.2.9.jar:/Users/Jan-Olav.Eide/.m2/repository/org/springframework/boot/spring-boot/3.5.4/spring-boot-3.5.4.jar:/Users/Jan-Olav.Eide/.m2/repository/org/springframework/boot/spring-boot-configuration-processor/3.5.4/spring-boot-configuration-processor-3.5.4.jar:/Users/Jan-Olav.Eide/.m2/repository/org/jetbrains/kotlin/kotlin-stdlib/1.9.25/kotlin-stdlib-1.9.25.jar:/Users/Jan-Olav.Eide/.m2/repository/org/jetbrains/annotations/13.0/annotations-13.0.jar:/Users/Jan-Olav.Eide/.m2/repository/com/nimbusds/nimbus-jose-jwt/10.4/nimbus-jose-jwt-10.4.jar:/Users/Jan-Olav.Eide/.m2/repository/no/nav/security/token-validation-spring/5.0.33/token-validation-spring-5.0.33.jar:/Users/Jan-Olav.Eide/.m2/repository/no/nav/security/token-validation-filter/5.0.33/token-validation-filter-5.0.33.jar:/Users/Jan-Olav.Eide/.m2/repository/org/springframework/spring-context/6.2.9/spring-context-6.2.9.jar:/Users/Jan-Olav.Eide/.m2/repository/org/springframework/spring-aop/6.2.9/spring-aop-6.2.9.jar:/Users/Jan-Olav.Eide/.m2/repository/org/springframework/spring-expression/6.2.9/spring-expression-6.2.9.jar:/Users/Jan-Olav.Eide/.m2/repository/org/springframework/spring-webmvc/6.2.9/spring-webmvc-6.2.9.jar:/Users/Jan-Olav.Eide/.m2/repository/com/nimbusds/oauth2-oidc-sdk/11.26.1/oauth2-oidc-sdk-11.26.1.jar:/Users/Jan-Olav.Eide/.m2/repository/com/github/stephenc/jcip/jcip-annotations/1.0-1/jcip-annotations-1.0-1.jar:/Users/Jan-Olav.Eide/.m2/repository/com/nimbusds/content-type/2.3/content-type-2.3.jar:/Users/Jan-Olav.Eide/.m2/repository/com/nimbusds/lang-tag/1.7/lang-tag-1.7.jar:/Users/Jan-Olav.Eide/.m2/repository/jakarta/validation/jakarta.validation-api/3.0.2/jakarta.validation-api-3.0.2.jar:/Users/Jan-Olav.Eide/.m2/repository/org/apache/commons/commons-lang3/3.17.0/commons-lang3-3.17.0.jar:/Users/Jan-Olav.Eide/.m2/repository/org/apache/httpcomponents/client5/httpclient5/5.5/httpclient5-5.5.jar:/Users/Jan-Olav.Eide/.m2/repository/org/apache/httpcomponents/core5/httpcore5/5.3.4/httpcore5-5.3.4.jar:/Users/Jan-Olav.Eide/.m2/repository/org/apache/httpcomponents/core5/httpcore5-h2/5.3.4/httpcore5-h2-5.3.4.jar:/Users/Jan-Olav.Eide/.m2/repository/org/flywaydb/flyway-core/11.7.2/flyway-core-11.7.2.jar:/Users/Jan-Olav.Eide/.m2/repository/com/fasterxml/jackson/dataformat/jackson-dataformat-toml/2.19.2/jackson-dataformat-toml-2.19.2.jar:/Users/Jan-Olav.Eide/.m2/repository/com/fasterxml/jackson/datatype/jackson-datatype-jsr310/2.19.2/jackson-datatype-jsr310-2.19.2.jar:/Users/Jan-Olav.Eide/.m2/repository/org/flywaydb/flyway-database-postgresql/11.7.2/flyway-database-postgresql-11.7.2.jar:/Users/Jan-Olav.Eide/.m2/repository/org/hibernate/orm/hibernate-micrometer/6.6.22.Final/hibernate-micrometer-6.6.22.Final.jar:/Users/Jan-Olav.Eide/.m2/repository/org/jboss/logging/jboss-logging/3.6.1.Final/jboss-logging-3.6.1.Final.jar:/Users/Jan-Olav.Eide/.m2/repository/org/hibernate/orm/hibernate-core/6.6.22.Final/hibernate-core-6.6.22.Final.jar:/Users/Jan-Olav.Eide/.m2/repository/jakarta/persistence/jakarta.persistence-api/3.1.0/jakarta.persistence-api-3.1.0.jar:/Users/Jan-Olav.Eide/.m2/repository/jakarta/transaction/jakarta.transaction-api/2.0.1/jakarta.transaction-api-2.0.1.jar:/Users/Jan-Olav.Eide/.m2/repository/org/hibernate/common/hibernate-commons-annotations/7.0.3.Final/hibernate-commons-annotations-7.0.3.Final.jar:/Users/Jan-Olav.Eide/.m2/repository/io/smallrye/jandex/3.2.0/jandex-3.2.0.jar:/Users/Jan-Olav.Eide/.m2/repository/com/fasterxml/classmate/1.7.0/classmate-1.7.0.jar:/Users/Jan-Olav.Eide/.m2/repository/net/bytebuddy/byte-buddy/1.17.6/byte-buddy-1.17.6.jar:/Users/Jan-Olav.Eide/.m2/repository/org/glassfish/jaxb/jaxb-runtime/4.0.5/jaxb-runtime-4.0.5.jar:/Users/Jan-Olav.Eide/.m2/repository/org/glassfish/jaxb/jaxb-core/4.0.5/jaxb-core-4.0.5.jar:/Users/Jan-Olav.Eide/.m2/repository/org/eclipse/angus/angus-activation/2.0.2/angus-activation-2.0.2.jar:/Users/Jan-Olav.Eide/.m2/repository/org/glassfish/jaxb/txw2/4.0.5/txw2-4.0.5.jar:/Users/Jan-Olav.Eide/.m2/repository/com/sun/istack/istack-commons-runtime/4.1.2/istack-commons-runtime-4.1.2.jar:/Users/Jan-Olav.Eide/.m2/repository/jakarta/inject/jakarta.inject-api/2.0.1/jakarta.inject-api-2.0.1.jar:/Users/Jan-Olav.Eide/.m2/repository/org/antlr/antlr4-runtime/4.13.0/antlr4-runtime-4.13.0.jar:/Users/Jan-Olav.Eide/.m2/repository/org/jetbrains/kotlin/kotlin-reflect/1.9.25/kotlin-reflect-1.9.25.jar:/Users/Jan-Olav.Eide/.m2/repository/org/jetbrains/kotlinx/kotlinx-coroutines-core/1.10.2/kotlinx-coroutines-core-1.10.2.jar:/Users/Jan-Olav.Eide/.m2/repository/org/jetbrains/kotlinx/kotlinx-coroutines-core-jvm/1.8.1/kotlinx-coroutines-core-jvm-1.8.1.jar:/Users/Jan-Olav.Eide/.m2/repository/org/postgresql/postgresql/42.7.7/postgresql-42.7.7.jar:/Users/Jan-Olav.Eide/.m2/repository/org/checkerframework/checker-qual/3.49.3/checker-qual-3.49.3.jar:/Users/Jan-Olav.Eide/.m2/repository/org/springdoc/springdoc-openapi-starter-webmvc-ui/2.8.9/springdoc-openapi-starter-webmvc-ui-2.8.9.jar:/Users/Jan-Olav.Eide/.m2/repository/org/springdoc/springdoc-openapi-starter-webmvc-api/2.8.9/springdoc-openapi-starter-webmvc-api-2.8.9.jar:/Users/Jan-Olav.Eide/.m2/repository/org/springdoc/springdoc-openapi-starter-common/2.8.9/springdoc-openapi-starter-common-2.8.9.jar:/Users/Jan-Olav.Eide/.m2/repository/io/swagger/core/v3/swagger-core-jakarta/2.2.30/swagger-core-jakarta-2.2.30.jar:/Users/Jan-Olav.Eide/.m2/repository/io/swagger/core/v3/swagger-annotations-jakarta/2.2.30/swagger-annotations-jakarta-2.2.30.jar:/Users/Jan-Olav.Eide/.m2/repository/io/swagger/core/v3/swagger-models-jakarta/2.2.30/swagger-models-jakarta-2.2.30.jar:/Users/Jan-Olav.Eide/.m2/repository/com/fasterxml/jackson/dataformat/jackson-dataformat-yaml/2.19.2/jackson-dataformat-yaml-2.19.2.jar:/Users/Jan-Olav.Eide/.m2/repository/org/webjars/swagger-ui/5.21.0/swagger-ui-5.21.0.jar:/Users/Jan-Olav.Eide/.m2/repository/org/webjars/webjars-locator-lite/1.1.0/webjars-locator-lite-1.1.0.jar:/Users/Jan-Olav.Eide/.m2/repository/org/springframework/boot/spring-boot-starter-actuator/3.5.4/spring-boot-starter-actuator-3.5.4.jar:/Users/Jan-Olav.Eide/.m2/repository/org/springframework/boot/spring-boot-starter/3.5.4/spring-boot-starter-3.5.4.jar:/Users/Jan-Olav.Eide/.m2/repository/org/springframework/boot/spring-boot-starter-logging/3.5.4/spring-boot-starter-logging-3.5.4.jar:/Users/Jan-Olav.Eide/.m2/repository/ch/qos/logback/logback-classic/1.5.18/logback-classic-1.5.18.jar:/Users/Jan-Olav.Eide/.m2/repository/org/apache/logging/log4j/log4j-to-slf4j/2.24.3/log4j-to-slf4j-2.24.3.jar:/Users/Jan-Olav.Eide/.m2/repository/org/apache/logging/log4j/log4j-api/2.24.3/log4j-api-2.24.3.jar:/Users/Jan-Olav.Eide/.m2/repository/org/slf4j/jul-to-slf4j/2.0.17/jul-to-slf4j-2.0.17.jar:/Users/Jan-Olav.Eide/.m2/repository/jakarta/annotation/jakarta.annotation-api/2.1.1/jakarta.annotation-api-2.1.1.jar:/Users/Jan-Olav.Eide/.m2/repository/org/yaml/snakeyaml/2.4/snakeyaml-2.4.jar:/Users/Jan-Olav.Eide/.m2/repository/org/springframework/boot/spring-boot-actuator-autoconfigure/3.5.4/spring-boot-actuator-autoconfigure-3.5.4.jar:/Users/Jan-Olav.Eide/.m2/repository/org/springframework/boot/spring-boot-actuator/3.5.4/spring-boot-actuator-3.5.4.jar:/Users/Jan-Olav.Eide/.m2/repository/io/micrometer/micrometer-jakarta9/1.15.2/micrometer-jakarta9-1.15.2.jar:/Users/Jan-Olav.Eide/.m2/repository/org/springframework/boot/spring-boot-starter-cache/3.5.4/spring-boot-starter-cache-3.5.4.jar:/Users/Jan-Olav.Eide/.m2/repository/org/springframework/spring-context-support/6.2.9/spring-context-support-6.2.9.jar:/Users/Jan-Olav.Eide/.m2/repository/org/springframework/boot/spring-boot-starter-data-jpa/3.5.4/spring-boot-starter-data-jpa-3.5.4.jar:/Users/Jan-Olav.Eide/.m2/repository/org/springframework/boot/spring-boot-starter-jdbc/3.5.4/spring-boot-starter-jdbc-3.5.4.jar:/Users/Jan-Olav.Eide/.m2/repository/com/zaxxer/HikariCP/6.3.1/HikariCP-6.3.1.jar:/Users/Jan-Olav.Eide/.m2/repository/org/springframework/spring-jdbc/6.2.9/spring-jdbc-6.2.9.jar:/Users/Jan-Olav.Eide/.m2/repository/org/springframework/data/spring-data-jpa/3.5.2/spring-data-jpa-3.5.2.jar:/Users/Jan-Olav.Eide/.m2/repository/org/springframework/data/spring-data-commons/3.5.2/spring-data-commons-3.5.2.jar:/Users/Jan-Olav.Eide/.m2/repository/org/springframework/spring-orm/6.2.9/spring-orm-6.2.9.jar:/Users/Jan-Olav.Eide/.m2/repository/org/springframework/boot/spring-boot-starter-data-redis/3.5.4/spring-boot-starter-data-redis-3.5.4.jar:/Users/Jan-Olav.Eide/.m2/repository/io/lettuce/lettuce-core/6.6.0.RELEASE/lettuce-core-6.6.0.RELEASE.jar:/Users/Jan-Olav.Eide/.m2/repository/redis/clients/authentication/redis-authx-core/0.1.1-beta2/redis-authx-core-0.1.1-beta2.jar:/Users/Jan-Olav.Eide/.m2/repository/io/netty/netty-common/4.1.123.Final/netty-common-4.1.123.Final.jar:/Users/Jan-Olav.Eide/.m2/repository/io/netty/netty-handler/4.1.123.Final/netty-handler-4.1.123.Final.jar:/Users/Jan-Olav.Eide/.m2/repository/io/netty/netty-resolver/4.1.123.Final/netty-resolver-4.1.123.Final.jar:/Users/Jan-Olav.Eide/.m2/repository/io/netty/netty-buffer/4.1.123.Final/netty-buffer-4.1.123.Final.jar:/Users/Jan-Olav.Eide/.m2/repository/io/netty/netty-transport-native-unix-common/4.1.123.Final/netty-transport-native-unix-common-4.1.123.Final.jar:/Users/Jan-Olav.Eide/.m2/repository/io/netty/netty-codec/4.1.123.Final/netty-codec-4.1.123.Final.jar:/Users/Jan-Olav.Eide/.m2/repository/io/netty/netty-transport/4.1.123.Final/netty-transport-4.1.123.Final.jar:/Users/Jan-Olav.Eide/.m2/repository/io/projectreactor/reactor-core/3.7.8/reactor-core-3.7.8.jar:/Users/Jan-Olav.Eide/.m2/repository/org/reactivestreams/reactive-streams/1.0.4/reactive-streams-1.0.4.jar:/Users/Jan-Olav.Eide/.m2/repository/org/springframework/data/spring-data-redis/3.5.2/spring-data-redis-3.5.2.jar:/Users/Jan-Olav.Eide/.m2/repository/org/springframework/data/spring-data-keyvalue/3.5.2/spring-data-keyvalue-3.5.2.jar:/Users/Jan-Olav.Eide/.m2/repository/org/springframework/spring-oxm/6.2.9/spring-oxm-6.2.9.jar:/Users/Jan-Olav.Eide/.m2/repository/org/springframework/boot/spring-boot-starter-graphql/3.5.4/spring-boot-starter-graphql-3.5.4.jar:/Users/Jan-Olav.Eide/.m2/repository/org/springframework/boot/spring-boot-starter-json/3.5.4/spring-boot-starter-json-3.5.4.jar:/Users/Jan-Olav.Eide/.m2/repository/com/fasterxml/jackson/datatype/jackson-datatype-jdk8/2.19.2/jackson-datatype-jdk8-2.19.2.jar:/Users/Jan-Olav.Eide/.m2/repository/com/fasterxml/jackson/module/jackson-module-parameter-names/2.19.2/jackson-module-parameter-names-2.19.2.jar:/Users/Jan-Olav.Eide/.m2/repository/org/springframework/graphql/spring-graphql/1.4.1/spring-graphql-1.4.1.jar:/Users/Jan-Olav.Eide/.m2/repository/com/graphql-java/graphql-java/24.1/graphql-java-24.1.jar:/Users/Jan-Olav.Eide/.m2/repository/com/graphql-java/java-dataloader/5.0.0/java-dataloader-5.0.0.jar:/Users/Jan-Olav.Eide/.m2/repository/org/springframework/boot/spring-boot-starter-validation/3.5.4/spring-boot-starter-validation-3.5.4.jar:/Users/Jan-Olav.Eide/.m2/repository/org/apache/tomcat/embed/tomcat-embed-el/10.1.43/tomcat-embed-el-10.1.43.jar:/Users/Jan-Olav.Eide/.m2/repository/org/hibernate/validator/hibernate-validator/8.0.2.Final/hibernate-validator-8.0.2.Final.jar:/Users/Jan-Olav.Eide/.m2/repository/org/springframework/boot/spring-boot-starter-web/3.5.4/spring-boot-starter-web-3.5.4.jar:/Users/Jan-Olav.Eide/.m2/repository/org/springframework/boot/spring-boot-starter-tomcat/3.5.4/spring-boot-starter-tomcat-3.5.4.jar:/Users/Jan-Olav.Eide/.m2/repository/org/apache/tomcat/embed/tomcat-embed-core/10.1.43/tomcat-embed-core-10.1.43.jar:/Users/Jan-Olav.Eide/.m2/repository/org/apache/tomcat/embed/tomcat-embed-websocket/10.1.43/tomcat-embed-websocket-10.1.43.jar:/Users/Jan-Olav.Eide/.m2/repository/org/springframework/boot/spring-boot-starter-webflux/3.5.4/spring-boot-starter-webflux-3.5.4.jar:/Users/Jan-Olav.Eide/.m2/repository/org/springframework/boot/spring-boot-starter-reactor-netty/3.5.4/spring-boot-starter-reactor-netty-3.5.4.jar:/Users/Jan-Olav.Eide/.m2/repository/io/projectreactor/netty/reactor-netty-http/1.2.8/reactor-netty-http-1.2.8.jar:/Users/Jan-Olav.Eide/.m2/repository/io/netty/netty-codec-http/4.1.123.Final/netty-codec-http-4.1.123.Final.jar:/Users/Jan-Olav.Eide/.m2/repository/io/netty/netty-codec-http2/4.1.123.Final/netty-codec-http2-4.1.123.Final.jar:/Users/Jan-Olav.Eide/.m2/repository/io/netty/netty-resolver-dns/4.1.123.Final/netty-resolver-dns-4.1.123.Final.jar:/Users/Jan-Olav.Eide/.m2/repository/io/netty/netty-codec-dns/4.1.123.Final/netty-codec-dns-4.1.123.Final.jar:/Users/Jan-Olav.Eide/.m2/repository/io/netty/netty-resolver-dns-native-macos/4.1.123.Final/netty-resolver-dns-native-macos-4.1.123.Final-osx-x86_64.jar:/Users/Jan-Olav.Eide/.m2/repository/io/netty/netty-resolver-dns-classes-macos/4.1.123.Final/netty-resolver-dns-classes-macos-4.1.123.Final.jar:/Users/Jan-Olav.Eide/.m2/repository/io/netty/netty-transport-native-epoll/4.1.123.Final/netty-transport-native-epoll-4.1.123.Final-linux-x86_64.jar:/Users/Jan-Olav.Eide/.m2/repository/io/netty/netty-transport-classes-epoll/4.1.123.Final/netty-transport-classes-epoll-4.1.123.Final.jar:/Users/Jan-Olav.Eide/.m2/repository/io/projectreactor/netty/reactor-netty-core/1.2.8/reactor-netty-core-1.2.8.jar:/Users/Jan-Olav.Eide/.m2/repository/io/netty/netty-handler-proxy/4.1.123.Final/netty-handler-proxy-4.1.123.Final.jar:/Users/Jan-Olav.Eide/.m2/repository/io/netty/netty-codec-socks/4.1.123.Final/netty-codec-socks-4.1.123.Final.jar:/Users/Jan-Olav.Eide/.m2/repository/org/springframework/spring-webflux/6.2.9/spring-webflux-6.2.9.jar:/Users/Jan-Olav.Eide/.m2/repository/org/springframework/kafka/spring-kafka/3.3.8/spring-kafka-3.3.8.jar:/Users/Jan-Olav.Eide/.m2/repository/org/springframework/spring-messaging/6.2.9/spring-messaging-6.2.9.jar:/Users/Jan-Olav.Eide/.m2/repository/org/springframework/spring-tx/6.2.9/spring-tx-6.2.9.jar:/Users/Jan-Olav.Eide/.m2/repository/org/apache/kafka/kafka-clients/3.9.1/kafka-clients-3.9.1.jar:/Users/Jan-Olav.Eide/.m2/repository/com/github/luben/zstd-jni/1.5.6-4/zstd-jni-1.5.6-4.jar:/Users/Jan-Olav.Eide/.m2/repository/org/lz4/lz4-java/1.8.0/lz4-java-1.8.0.jar:/Users/Jan-Olav.Eide/.m2/repository/org/xerial/snappy/snappy-java/1.1.10.5/snappy-java-1.1.10.5.jar:/Users/Jan-Olav.Eide/.m2/repository/org/springframework/retry/spring-retry/2.0.12/spring-retry-2.0.12.jar:/Users/Jan-Olav.Eide/.m2/repository/org/springframework/spring-aspects/6.2.9/spring-aspects-6.2.9.jar:/Users/Jan-Olav.Eide/.m2/repository/org/aspectj/aspectjweaver/1.9.24/aspectjweaver-1.9.24.jar:/Users/Jan-Olav.Eide/.m2/repository/com/github/ben-manes/caffeine/caffeine/3.2.2/caffeine-3.2.2.jar:/Users/Jan-Olav.Eide/.m2/repository/org/jspecify/jspecify/1.0.0/jspecify-1.0.0.jar:/Users/Jan-Olav.Eide/.m2/repository/com/google/errorprone/error_prone_annotations/2.40.0/error_prone_annotations-2.40.0.jar:/Users/Jan-Olav.Eide/.m2/repository/com/github/stefanbirkner/system-lambda/1.2.1/system-lambda-1.2.1.jar:/Users/Jan-Olav.Eide/.m2/repository/com/ninja-squad/springmockk/4.0.2/springmockk-4.0.2.jar:/Users/Jan-Olav.Eide/.m2/repository/io/mockk/mockk-jvm/1.13.3/mockk-jvm-1.13.3.jar:/Users/Jan-Olav.Eide/.m2/repository/io/mockk/mockk-dsl-jvm/1.13.3/mockk-dsl-jvm-1.13.3.jar:/Users/Jan-Olav.Eide/.m2/repository/io/mockk/mockk-agent-jvm/1.13.3/mockk-agent-jvm-1.13.3.jar:/Users/Jan-Olav.Eide/.m2/repository/io/mockk/mockk-agent-api-jvm/1.13.3/mockk-agent-api-jvm-1.13.3.jar:/Users/Jan-Olav.Eide/.m2/repository/io/mockk/mockk-core-jvm/1.13.3/mockk-core-jvm-1.13.3.jar:/Users/Jan-Olav.Eide/.m2/repository/org/springframework/boot/spring-boot-test/3.5.4/spring-boot-test-3.5.4.jar:/Users/Jan-Olav.Eide/.m2/repository/org/springframework/spring-test/6.2.9/spring-test-6.2.9.jar:/Users/Jan-Olav.Eide/.m2/repository/io/mockk/mockk/1.14.5/mockk-1.14.5.jar:/Users/Jan-Olav.Eide/.m2/repository/io/mockk/mockk-dsl/1.14.5/mockk-dsl-1.14.5.jar:/Users/Jan-Olav.Eide/.m2/repository/io/mockk/mockk-agent/1.14.5/mockk-agent-1.14.5.jar:/Users/Jan-Olav.Eide/.m2/repository/io/mockk/mockk-agent-api/1.14.5/mockk-agent-api-1.14.5.jar:/Users/Jan-Olav.Eide/.m2/repository/io/mockk/mockk-core/1.14.5/mockk-core-1.14.5.jar:/Users/Jan-Olav.Eide/.m2/repository/org/junit/jupiter/junit-jupiter/5.12.2/junit-jupiter-5.12.2.jar:/Users/Jan-Olav.Eide/.m2/repository/org/junit/jupiter/junit-jupiter-api/5.12.2/junit-jupiter-api-5.12.2.jar:/Users/Jan-Olav.Eide/.m2/repository/org/opentest4j/opentest4j/1.3.0/opentest4j-1.3.0.jar:/Users/Jan-Olav.Eide/.m2/repository/org/junit/platform/junit-platform-commons/1.12.2/junit-platform-commons-1.12.2.jar:/Users/Jan-Olav.Eide/.m2/repository/org/apiguardian/apiguardian-api/1.1.2/apiguardian-api-1.1.2.jar:/Users/Jan-Olav.Eide/.m2/repository/org/junit/jupiter/junit-jupiter-params/5.12.2/junit-jupiter-params-5.12.2.jar:/Users/Jan-Olav.Eide/.m2/repository/org/junit/jupiter/junit-jupiter-engine/5.12.2/junit-jupiter-engine-5.12.2.jar:/Users/Jan-Olav.Eide/.m2/repository/org/junit/platform/junit-platform-engine/1.12.2/junit-platform-engine-1.12.2.jar:/Users/Jan-Olav.Eide/.m2/repository/org/springframework/boot/spring-boot-starter-test/3.5.4/spring-boot-starter-test-3.5.4.jar:/Users/Jan-Olav.Eide/.m2/repository/org/springframework/boot/spring-boot-test-autoconfigure/3.5.4/spring-boot-test-autoconfigure-3.5.4.jar:/Users/Jan-Olav.Eide/.m2/repository/com/jayway/jsonpath/json-path/2.9.0/json-path-2.9.0.jar:/Users/Jan-Olav.Eide/.m2/repository/jakarta/xml/bind/jakarta.xml.bind-api/4.0.2/jakarta.xml.bind-api-4.0.2.jar:/Users/Jan-Olav.Eide/.m2/repository/jakarta/activation/jakarta.activation-api/2.1.3/jakarta.activation-api-2.1.3.jar:/Users/Jan-Olav.Eide/.m2/repository/net/minidev/json-smart/2.5.2/json-smart-2.5.2.jar:/Users/Jan-Olav.Eide/.m2/repository/net/minidev/accessors-smart/2.5.2/accessors-smart-2.5.2.jar:/Users/Jan-Olav.Eide/.m2/repository/org/ow2/asm/asm/9.7.1/asm-9.7.1.jar:/Users/Jan-Olav.Eide/.m2/repository/org/assertj/assertj-core/3.27.3/assertj-core-3.27.3.jar:/Users/Jan-Olav.Eide/.m2/repository/org/awaitility/awaitility/4.2.2/awaitility-4.2.2.jar:/Users/Jan-Olav.Eide/.m2/repository/org/hamcrest/hamcrest/3.0/hamcrest-3.0.jar:/Users/Jan-Olav.Eide/.m2/repository/org/mockito/mockito-core/5.17.0/mockito-core-5.17.0.jar:/Users/Jan-Olav.Eide/.m2/repository/net/bytebuddy/byte-buddy-agent/1.17.6/byte-buddy-agent-1.17.6.jar:/Users/Jan-Olav.Eide/.m2/repository/org/objenesis/objenesis/3.3/objenesis-3.3.jar:/Users/Jan-Olav.Eide/.m2/repository/org/mockito/mockito-junit-jupiter/5.17.0/mockito-junit-jupiter-5.17.0.jar:/Users/Jan-Olav.Eide/.m2/repository/org/skyscreamer/jsonassert/1.5.3/jsonassert-1.5.3.jar:/Users/Jan-Olav.Eide/.m2/repository/com/vaadin/external/google/android-json/0.0.20131108.vaadin1/android-json-0.0.20131108.vaadin1.jar:/Users/Jan-Olav.Eide/.m2/repository/org/springframework/spring-core/6.2.9/spring-core-6.2.9.jar:/Users/Jan-Olav.Eide/.m2/repository/org/springframework/spring-jcl/6.2.9/spring-jcl-6.2.9.jar:/Users/Jan-Olav.Eide/.m2/repository/org/xmlunit/xmlunit-core/2.10.3/xmlunit-core-2.10.3.jar:/Users/Jan-Olav.Eide/.m2/repository/org/springframework/boot/spring-boot-testcontainers/3.5.4/spring-boot-testcontainers-3.5.4.jar:/Users/Jan-Olav.Eide/.m2/repository/org/testcontainers/testcontainers/1.21.3/testcontainers-1.21.3.jar:/Users/Jan-Olav.Eide/.m2/repository/org/apache/commons/commons-compress/1.24.0/commons-compress-1.24.0.jar:/Users/Jan-Olav.Eide/.m2/repository/org/rnorth/duct-tape/duct-tape/1.0.8/duct-tape-1.0.8.jar:/Users/Jan-Olav.Eide/.m2/repository/com/github/docker-java/docker-java-api/3.4.2/docker-java-api-3.4.2.jar:/Users/Jan-Olav.Eide/.m2/repository/com/github/docker-java/docker-java-transport-zerodep/3.4.2/docker-java-transport-zerodep-3.4.2.jar:/Users/Jan-Olav.Eide/.m2/repository/com/github/docker-java/docker-java-transport/3.4.2/docker-java-transport-3.4.2.jar:/Users/Jan-Olav.Eide/.m2/repository/net/java/dev/jna/jna/5.13.0/jna-5.13.0.jar:/Users/Jan-Olav.Eide/.m2/repository/org/testcontainers/junit-jupiter/1.21.3/junit-jupiter-1.21.3.jar:/Users/Jan-Olav.Eide/.m2/repository/org/testcontainers/postgresql/1.21.3/postgresql-1.21.3.jar:/Users/Jan-Olav.Eide/.m2/repository/org/testcontainers/jdbc/1.21.3/jdbc-1.21.3.jar:/Users/Jan-Olav.Eide/.m2/repository/org/testcontainers/database-commons/1.21.3/database-commons-1.21.3.jar:/Users/Jan-Olav.Eide/.m2/repository/org/jetbrains/kotlin/kotlin-test-junit/1.9.25/kotlin-test-junit-1.9.25.jar:/Users/Jan-Olav.Eide/.m2/repository/org/jetbrains/kotlin/kotlin-test/1.9.25/kotlin-test-1.9.25.jar:/Users/Jan-Olav.Eide/.m2/repository/junit/junit/4.13.2/junit-4.13.2.jar:/Users/Jan-Olav.Eide/.m2/repository/org/hamcrest/hamcrest-core/3.0/hamcrest-core-3.0.jar:"/>
    <property name="java.vm.vendor" value="Homebrew"/>
    <property name="sun.arch.data.model" value="64"/>
    <property name="java.vendor.url" value="https://github.com/Homebrew/homebrew-core/issues"/>
    <property name="os.name" value="Mac OS X"/>
    <property name="java.vm.specification.version" value="24"/>
    <property name="sun.java.launcher" value="SUN_STANDARD"/>
    <property name="user.country" value="NO"/>
    <property name="sun.boot.library.path" value="/opt/homebrew/Cellar/openjdk/24.0.1/libexec/openjdk.jdk/Contents/Home/lib"/>
    <property name="sun.java.command" value="/Users/Jan-Olav.Eide/workspaces/tilgangsmaskin/target/surefire/surefirebooter-20250727080808949_3.jar /Users/Jan-Olav.Eide/workspaces/tilgangsmaskin/target/surefire 2025-07-27T08-08-08_912-jvmRun1 surefire-20250727080808949_1tmp surefire_0-20250727080808949_2tmp"/>
    <property name="http.nonProxyHosts" value="local|*.local|169.254/16|*.169.254/16"/>
    <property name="jdk.debug" value="release"/>
    <property name="surefire.test.class.path" value="/Users/Jan-Olav.Eide/workspaces/tilgangsmaskin/target/test-classes:/Users/Jan-Olav.Eide/workspaces/tilgangsmaskin/target/classes:/Users/Jan-Olav.Eide/.m2/repository/io/opentelemetry/instrumentation/opentelemetry-logback-mdc-1.0/2.18.1-alpha/opentelemetry-logback-mdc-1.0-2.18.1-alpha.jar:/Users/Jan-Olav.Eide/.m2/repository/io/opentelemetry/instrumentation/opentelemetry-instrumentation-api/2.18.1/opentelemetry-instrumentation-api-2.18.1.jar:/Users/Jan-Olav.Eide/.m2/repository/io/opentelemetry/opentelemetry-api-incubator/1.52.0-alpha/opentelemetry-api-incubator-1.52.0-alpha.jar:/Users/Jan-Olav.Eide/.m2/repository/io/opentelemetry/semconv/opentelemetry-semconv/1.34.0/opentelemetry-semconv-1.34.0.jar:/Users/Jan-Olav.Eide/.m2/repository/io/opentelemetry/instrumentation/opentelemetry-instrumentation-api-incubator/2.18.1-alpha/opentelemetry-instrumentation-api-incubator-2.18.1-alpha.jar:/Users/Jan-Olav.Eide/.m2/repository/com/fasterxml/jackson/module/jackson-module-kotlin/2.19.2/jackson-module-kotlin-2.19.2.jar:/Users/Jan-Olav.Eide/.m2/repository/com/fasterxml/jackson/core/jackson-databind/2.19.2/jackson-databind-2.19.2.jar:/Users/Jan-Olav.Eide/.m2/repository/com/fasterxml/jackson/core/jackson-core/2.19.2/jackson-core-2.19.2.jar:/Users/Jan-Olav.Eide/.m2/repository/com/fasterxml/jackson/core/jackson-annotations/2.19.2/jackson-annotations-2.19.2.jar:/Users/Jan-Olav.Eide/.m2/repository/io/micrometer/micrometer-core/1.15.2/micrometer-core-1.15.2.jar:/Users/Jan-Olav.Eide/.m2/repository/io/micrometer/micrometer-commons/1.15.2/micrometer-commons-1.15.2.jar:/Users/Jan-Olav.Eide/.m2/repository/io/micrometer/micrometer-observation/1.15.2/micrometer-observation-1.15.2.jar:/Users/Jan-Olav.Eide/.m2/repository/org/hdrhistogram/HdrHistogram/2.2.2/HdrHistogram-2.2.2.jar:/Users/Jan-Olav.Eide/.m2/repository/org/latencyutils/LatencyUtils/2.0.3/LatencyUtils-2.0.3.jar:/Users/Jan-Olav.Eide/.m2/repository/io/micrometer/micrometer-registry-prometheus/1.15.2/micrometer-registry-prometheus-1.15.2.jar:/Users/Jan-Olav.Eide/.m2/repository/io/prometheus/prometheus-metrics-core/1.3.10/prometheus-metrics-core-1.3.10.jar:/Users/Jan-Olav.Eide/.m2/repository/io/prometheus/prometheus-metrics-model/1.3.10/prometheus-metrics-model-1.3.10.jar:/Users/Jan-Olav.Eide/.m2/repository/io/prometheus/prometheus-metrics-config/1.3.10/prometheus-metrics-config-1.3.10.jar:/Users/Jan-Olav.Eide/.m2/repository/io/prometheus/prometheus-metrics-tracer-common/1.3.10/prometheus-metrics-tracer-common-1.3.10.jar:/Users/Jan-Olav.Eide/.m2/repository/io/prometheus/prometheus-metrics-exposition-formats/1.3.10/prometheus-metrics-exposition-formats-1.3.10.jar:/Users/Jan-Olav.Eide/.m2/repository/io/prometheus/prometheus-metrics-exposition-textformats/1.3.10/prometheus-metrics-exposition-textformats-1.3.10.jar:/Users/Jan-Olav.Eide/.m2/repository/io/micrometer/micrometer-tracing/1.5.2/micrometer-tracing-1.5.2.jar:/Users/Jan-Olav.Eide/.m2/repository/io/micrometer/context-propagation/1.1.3/context-propagation-1.1.3.jar:/Users/Jan-Olav.Eide/.m2/repository/aopalliance/aopalliance/1.0/aopalliance-1.0.jar:/Users/Jan-Olav.Eide/.m2/repository/io/opentelemetry/opentelemetry-api/1.52.0/opentelemetry-api-1.52.0.jar:/Users/Jan-Olav.Eide/.m2/repository/io/opentelemetry/opentelemetry-context/1.52.0/opentelemetry-context-1.52.0.jar:/Users/Jan-Olav.Eide/.m2/repository/io/opentelemetry/opentelemetry-common/1.52.0/opentelemetry-common-1.52.0.jar:/Users/Jan-Olav.Eide/.m2/repository/net/logstash/logback/logstash-logback-encoder/8.1/logstash-logback-encoder-8.1.jar:/Users/Jan-Olav.Eide/.m2/repository/no/nav/boot/boot-conditionals/5.1.9/boot-conditionals-5.1.9.jar:/Users/Jan-Olav.Eide/.m2/repository/org/jetbrains/kotlin/kotlin-stdlib-jdk8/1.9.25/kotlin-stdlib-jdk8-1.9.25.jar:/Users/Jan-Olav.Eide/.m2/repository/org/jetbrains/kotlin/kotlin-stdlib-jdk7/1.9.25/kotlin-stdlib-jdk7-1.9.25.jar:/Users/Jan-Olav.Eide/.m2/repository/ch/qos/logback/logback-core/1.5.18/logback-core-1.5.18.jar:/Users/Jan-Olav.Eide/.m2/repository/org/slf4j/slf4j-api/2.0.17/slf4j-api-2.0.17.jar:/Users/Jan-Olav.Eide/.m2/repository/org/springframework/boot/spring-boot-autoconfigure/3.5.4/spring-boot-autoconfigure-3.5.4.jar:/Users/Jan-Olav.Eide/.m2/repository/no/nav/security/token-client-spring/5.0.33/token-client-spring-5.0.33.jar:/Users/Jan-Olav.Eide/.m2/repository/no/nav/security/token-validation-core/5.0.33/token-validation-core-5.0.33.jar:/Users/Jan-Olav.Eide/.m2/repository/no/nav/security/token-client-core/5.0.33/token-client-core-5.0.33.jar:/Users/Jan-Olav.Eide/.m2/repository/org/springframework/spring-web/6.2.9/spring-web-6.2.9.jar:/Users/Jan-Olav.Eide/.m2/repository/org/springframework/spring-beans/6.2.9/spring-beans-6.2.9.jar:/Users/Jan-Olav.Eide/.m2/repository/org/springframework/boot/spring-boot/3.5.4/spring-boot-3.5.4.jar:/Users/Jan-Olav.Eide/.m2/repository/org/springframework/boot/spring-boot-configuration-processor/3.5.4/spring-boot-configuration-processor-3.5.4.jar:/Users/Jan-Olav.Eide/.m2/repository/org/jetbrains/kotlin/kotlin-stdlib/1.9.25/kotlin-stdlib-1.9.25.jar:/Users/Jan-Olav.Eide/.m2/repository/org/jetbrains/annotations/13.0/annotations-13.0.jar:/Users/Jan-Olav.Eide/.m2/repository/com/nimbusds/nimbus-jose-jwt/10.4/nimbus-jose-jwt-10.4.jar:/Users/Jan-Olav.Eide/.m2/repository/no/nav/security/token-validation-spring/5.0.33/token-validation-spring-5.0.33.jar:/Users/Jan-Olav.Eide/.m2/repository/no/nav/security/token-validation-filter/5.0.33/token-validation-filter-5.0.33.jar:/Users/Jan-Olav.Eide/.m2/repository/org/springframework/spring-context/6.2.9/spring-context-6.2.9.jar:/Users/Jan-Olav.Eide/.m2/repository/org/springframework/spring-aop/6.2.9/spring-aop-6.2.9.jar:/Users/Jan-Olav.Eide/.m2/repository/org/springframework/spring-expression/6.2.9/spring-expression-6.2.9.jar:/Users/Jan-Olav.Eide/.m2/repository/org/springframework/spring-webmvc/6.2.9/spring-webmvc-6.2.9.jar:/Users/Jan-Olav.Eide/.m2/repository/com/nimbusds/oauth2-oidc-sdk/11.26.1/oauth2-oidc-sdk-11.26.1.jar:/Users/Jan-Olav.Eide/.m2/repository/com/github/stephenc/jcip/jcip-annotations/1.0-1/jcip-annotations-1.0-1.jar:/Users/Jan-Olav.Eide/.m2/repository/com/nimbusds/content-type/2.3/content-type-2.3.jar:/Users/Jan-Olav.Eide/.m2/repository/com/nimbusds/lang-tag/1.7/lang-tag-1.7.jar:/Users/Jan-Olav.Eide/.m2/repository/jakarta/validation/jakarta.validation-api/3.0.2/jakarta.validation-api-3.0.2.jar:/Users/Jan-Olav.Eide/.m2/repository/org/apache/commons/commons-lang3/3.17.0/commons-lang3-3.17.0.jar:/Users/Jan-Olav.Eide/.m2/repository/org/apache/httpcomponents/client5/httpclient5/5.5/httpclient5-5.5.jar:/Users/Jan-Olav.Eide/.m2/repository/org/apache/httpcomponents/core5/httpcore5/5.3.4/httpcore5-5.3.4.jar:/Users/Jan-Olav.Eide/.m2/repository/org/apache/httpcomponents/core5/httpcore5-h2/5.3.4/httpcore5-h2-5.3.4.jar:/Users/Jan-Olav.Eide/.m2/repository/org/flywaydb/flyway-core/11.7.2/flyway-core-11.7.2.jar:/Users/Jan-Olav.Eide/.m2/repository/com/fasterxml/jackson/dataformat/jackson-dataformat-toml/2.19.2/jackson-dataformat-toml-2.19.2.jar:/Users/Jan-Olav.Eide/.m2/repository/com/fasterxml/jackson/datatype/jackson-datatype-jsr310/2.19.2/jackson-datatype-jsr310-2.19.2.jar:/Users/Jan-Olav.Eide/.m2/repository/org/flywaydb/flyway-database-postgresql/11.7.2/flyway-database-postgresql-11.7.2.jar:/Users/Jan-Olav.Eide/.m2/repository/org/hibernate/orm/hibernate-micrometer/6.6.22.Final/hibernate-micrometer-6.6.22.Final.jar:/Users/Jan-Olav.Eide/.m2/repository/org/jboss/logging/jboss-logging/3.6.1.Final/jboss-logging-3.6.1.Final.jar:/Users/Jan-Olav.Eide/.m2/repository/org/hibernate/orm/hibernate-core/6.6.22.Final/hibernate-core-6.6.22.Final.jar:/Users/Jan-Olav.Eide/.m2/repository/jakarta/persistence/jakarta.persistence-api/3.1.0/jakarta.persistence-api-3.1.0.jar:/Users/Jan-Olav.Eide/.m2/repository/jakarta/transaction/jakarta.transaction-api/2.0.1/jakarta.transaction-api-2.0.1.jar:/Users/Jan-Olav.Eide/.m2/repository/org/hibernate/common/hibernate-commons-annotations/7.0.3.Final/hibernate-commons-annotations-7.0.3.Final.jar:/Users/Jan-Olav.Eide/.m2/repository/io/smallrye/jandex/3.2.0/jandex-3.2.0.jar:/Users/Jan-Olav.Eide/.m2/repository/com/fasterxml/classmate/1.7.0/classmate-1.7.0.jar:/Users/Jan-Olav.Eide/.m2/repository/net/bytebuddy/byte-buddy/1.17.6/byte-buddy-1.17.6.jar:/Users/Jan-Olav.Eide/.m2/repository/org/glassfish/jaxb/jaxb-runtime/4.0.5/jaxb-runtime-4.0.5.jar:/Users/Jan-Olav.Eide/.m2/repository/org/glassfish/jaxb/jaxb-core/4.0.5/jaxb-core-4.0.5.jar:/Users/Jan-Olav.Eide/.m2/repository/org/eclipse/angus/angus-activation/2.0.2/angus-activation-2.0.2.jar:/Users/Jan-Olav.Eide/.m2/repository/org/glassfish/jaxb/txw2/4.0.5/txw2-4.0.5.jar:/Users/Jan-Olav.Eide/.m2/repository/com/sun/istack/istack-commons-runtime/4.1.2/istack-commons-runtime-4.1.2.jar:/Users/Jan-Olav.Eide/.m2/repository/jakarta/inject/jakarta.inject-api/2.0.1/jakarta.inject-api-2.0.1.jar:/Users/Jan-Olav.Eide/.m2/repository/org/antlr/antlr4-runtime/4.13.0/antlr4-runtime-4.13.0.jar:/Users/Jan-Olav.Eide/.m2/repository/org/jetbrains/kotlin/kotlin-reflect/1.9.25/kotlin-reflect-1.9.25.jar:/Users/Jan-Olav.Eide/.m2/repository/org/jetbrains/kotlinx/kotlinx-coroutines-core/1.10.2/kotlinx-coroutines-core-1.10.2.jar:/Users/Jan-Olav.Eide/.m2/repository/org/jetbrains/kotlinx/kotlinx-coroutines-core-jvm/1.8.1/kotlinx-coroutines-core-jvm-1.8.1.jar:/Users/Jan-Olav.Eide/.m2/repository/org/postgresql/postgresql/42.7.7/postgresql-42.7.7.jar:/Users/Jan-Olav.Eide/.m2/repository/org/checkerframework/checker-qual/3.49.3/checker-qual-3.49.3.jar:/Users/Jan-Olav.Eide/.m2/repository/org/springdoc/springdoc-openapi-starter-webmvc-ui/2.8.9/springdoc-openapi-starter-webmvc-ui-2.8.9.jar:/Users/Jan-Olav.Eide/.m2/repository/org/springdoc/springdoc-openapi-starter-webmvc-api/2.8.9/springdoc-openapi-starter-webmvc-api-2.8.9.jar:/Users/Jan-Olav.Eide/.m2/repository/org/springdoc/springdoc-openapi-starter-common/2.8.9/springdoc-openapi-starter-common-2.8.9.jar:/Users/Jan-Olav.Eide/.m2/repository/io/swagger/core/v3/swagger-core-jakarta/2.2.30/swagger-core-jakarta-2.2.30.jar:/Users/Jan-Olav.Eide/.m2/repository/io/swagger/core/v3/swagger-annotations-jakarta/2.2.30/swagger-annotations-jakarta-2.2.30.jar:/Users/Jan-Olav.Eide/.m2/repository/io/swagger/core/v3/swagger-models-jakarta/2.2.30/swagger-models-jakarta-2.2.30.jar:/Users/Jan-Olav.Eide/.m2/repository/com/fasterxml/jackson/dataformat/jackson-dataformat-yaml/2.19.2/jackson-dataformat-yaml-2.19.2.jar:/Users/Jan-Olav.Eide/.m2/repository/org/webjars/swagger-ui/5.21.0/swagger-ui-5.21.0.jar:/Users/Jan-Olav.Eide/.m2/repository/org/webjars/webjars-locator-lite/1.1.0/webjars-locator-lite-1.1.0.jar:/Users/Jan-Olav.Eide/.m2/repository/org/springframework/boot/spring-boot-starter-actuator/3.5.4/spring-boot-starter-actuator-3.5.4.jar:/Users/Jan-Olav.Eide/.m2/repository/org/springframework/boot/spring-boot-starter/3.5.4/spring-boot-starter-3.5.4.jar:/Users/Jan-Olav.Eide/.m2/repository/org/springframework/boot/spring-boot-starter-logging/3.5.4/spring-boot-starter-logging-3.5.4.jar:/Users/Jan-Olav.Eide/.m2/repository/ch/qos/logback/logback-classic/1.5.18/logback-classic-1.5.18.jar:/Users/Jan-Olav.Eide/.m2/repository/org/apache/logging/log4j/log4j-to-slf4j/2.24.3/log4j-to-slf4j-2.24.3.jar:/Users/Jan-Olav.Eide/.m2/repository/org/apache/logging/log4j/log4j-api/2.24.3/log4j-api-2.24.3.jar:/Users/Jan-Olav.Eide/.m2/repository/org/slf4j/jul-to-slf4j/2.0.17/jul-to-slf4j-2.0.17.jar:/Users/Jan-Olav.Eide/.m2/repository/jakarta/annotation/jakarta.annotation-api/2.1.1/jakarta.annotation-api-2.1.1.jar:/Users/Jan-Olav.Eide/.m2/repository/org/yaml/snakeyaml/2.4/snakeyaml-2.4.jar:/Users/Jan-Olav.Eide/.m2/repository/org/springframework/boot/spring-boot-actuator-autoconfigure/3.5.4/spring-boot-actuator-autoconfigure-3.5.4.jar:/Users/Jan-Olav.Eide/.m2/repository/org/springframework/boot/spring-boot-actuator/3.5.4/spring-boot-actuator-3.5.4.jar:/Users/Jan-Olav.Eide/.m2/repository/io/micrometer/micrometer-jakarta9/1.15.2/micrometer-jakarta9-1.15.2.jar:/Users/Jan-Olav.Eide/.m2/repository/org/springframework/boot/spring-boot-starter-cache/3.5.4/spring-boot-starter-cache-3.5.4.jar:/Users/Jan-Olav.Eide/.m2/repository/org/springframework/spring-context-support/6.2.9/spring-context-support-6.2.9.jar:/Users/Jan-Olav.Eide/.m2/repository/org/springframework/boot/spring-boot-starter-data-jpa/3.5.4/spring-boot-starter-data-jpa-3.5.4.jar:/Users/Jan-Olav.Eide/.m2/repository/org/springframework/boot/spring-boot-starter-jdbc/3.5.4/spring-boot-starter-jdbc-3.5.4.jar:/Users/Jan-Olav.Eide/.m2/repository/com/zaxxer/HikariCP/6.3.1/HikariCP-6.3.1.jar:/Users/Jan-Olav.Eide/.m2/repository/org/springframework/spring-jdbc/6.2.9/spring-jdbc-6.2.9.jar:/Users/Jan-Olav.Eide/.m2/repository/org/springframework/data/spring-data-jpa/3.5.2/spring-data-jpa-3.5.2.jar:/Users/Jan-Olav.Eide/.m2/repository/org/springframework/data/spring-data-commons/3.5.2/spring-data-commons-3.5.2.jar:/Users/Jan-Olav.Eide/.m2/repository/org/springframework/spring-orm/6.2.9/spring-orm-6.2.9.jar:/Users/Jan-Olav.Eide/.m2/repository/org/springframework/boot/spring-boot-starter-data-redis/3.5.4/spring-boot-starter-data-redis-3.5.4.jar:/Users/Jan-Olav.Eide/.m2/repository/io/lettuce/lettuce-core/6.6.0.RELEASE/lettuce-core-6.6.0.RELEASE.jar:/Users/Jan-Olav.Eide/.m2/repository/redis/clients/authentication/redis-authx-core/0.1.1-beta2/redis-authx-core-0.1.1-beta2.jar:/Users/Jan-Olav.Eide/.m2/repository/io/netty/netty-common/4.1.123.Final/netty-common-4.1.123.Final.jar:/Users/Jan-Olav.Eide/.m2/repository/io/netty/netty-handler/4.1.123.Final/netty-handler-4.1.123.Final.jar:/Users/Jan-Olav.Eide/.m2/repository/io/netty/netty-resolver/4.1.123.Final/netty-resolver-4.1.123.Final.jar:/Users/Jan-Olav.Eide/.m2/repository/io/netty/netty-buffer/4.1.123.Final/netty-buffer-4.1.123.Final.jar:/Users/Jan-Olav.Eide/.m2/repository/io/netty/netty-transport-native-unix-common/4.1.123.Final/netty-transport-native-unix-common-4.1.123.Final.jar:/Users/Jan-Olav.Eide/.m2/repository/io/netty/netty-codec/4.1.123.Final/netty-codec-4.1.123.Final.jar:/Users/Jan-Olav.Eide/.m2/repository/io/netty/netty-transport/4.1.123.Final/netty-transport-4.1.123.Final.jar:/Users/Jan-Olav.Eide/.m2/repository/io/projectreactor/reactor-core/3.7.8/reactor-core-3.7.8.jar:/Users/Jan-Olav.Eide/.m2/repository/org/reactivestreams/reactive-streams/1.0.4/reactive-streams-1.0.4.jar:/Users/Jan-Olav.Eide/.m2/repository/org/springframework/data/spring-data-redis/3.5.2/spring-data-redis-3.5.2.jar:/Users/Jan-Olav.Eide/.m2/repository/org/springframework/data/spring-data-keyvalue/3.5.2/spring-data-keyvalue-3.5.2.jar:/Users/Jan-Olav.Eide/.m2/repository/org/springframework/spring-oxm/6.2.9/spring-oxm-6.2.9.jar:/Users/Jan-Olav.Eide/.m2/repository/org/springframework/boot/spring-boot-starter-graphql/3.5.4/spring-boot-starter-graphql-3.5.4.jar:/Users/Jan-Olav.Eide/.m2/repository/org/springframework/boot/spring-boot-starter-json/3.5.4/spring-boot-starter-json-3.5.4.jar:/Users/Jan-Olav.Eide/.m2/repository/com/fasterxml/jackson/datatype/jackson-datatype-jdk8/2.19.2/jackson-datatype-jdk8-2.19.2.jar:/Users/Jan-Olav.Eide/.m2/repository/com/fasterxml/jackson/module/jackson-module-parameter-names/2.19.2/jackson-module-parameter-names-2.19.2.jar:/Users/Jan-Olav.Eide/.m2/repository/org/springframework/graphql/spring-graphql/1.4.1/spring-graphql-1.4.1.jar:/Users/Jan-Olav.Eide/.m2/repository/com/graphql-java/graphql-java/24.1/graphql-java-24.1.jar:/Users/Jan-Olav.Eide/.m2/repository/com/graphql-java/java-dataloader/5.0.0/java-dataloader-5.0.0.jar:/Users/Jan-Olav.Eide/.m2/repository/org/springframework/boot/spring-boot-starter-validation/3.5.4/spring-boot-starter-validation-3.5.4.jar:/Users/Jan-Olav.Eide/.m2/repository/org/apache/tomcat/embed/tomcat-embed-el/10.1.43/tomcat-embed-el-10.1.43.jar:/Users/Jan-Olav.Eide/.m2/repository/org/hibernate/validator/hibernate-validator/8.0.2.Final/hibernate-validator-8.0.2.Final.jar:/Users/Jan-Olav.Eide/.m2/repository/org/springframework/boot/spring-boot-starter-web/3.5.4/spring-boot-starter-web-3.5.4.jar:/Users/Jan-Olav.Eide/.m2/repository/org/springframework/boot/spring-boot-starter-tomcat/3.5.4/spring-boot-starter-tomcat-3.5.4.jar:/Users/Jan-Olav.Eide/.m2/repository/org/apache/tomcat/embed/tomcat-embed-core/10.1.43/tomcat-embed-core-10.1.43.jar:/Users/Jan-Olav.Eide/.m2/repository/org/apache/tomcat/embed/tomcat-embed-websocket/10.1.43/tomcat-embed-websocket-10.1.43.jar:/Users/Jan-Olav.Eide/.m2/repository/org/springframework/boot/spring-boot-starter-webflux/3.5.4/spring-boot-starter-webflux-3.5.4.jar:/Users/Jan-Olav.Eide/.m2/repository/org/springframework/boot/spring-boot-starter-reactor-netty/3.5.4/spring-boot-starter-reactor-netty-3.5.4.jar:/Users/Jan-Olav.Eide/.m2/repository/io/projectreactor/netty/reactor-netty-http/1.2.8/reactor-netty-http-1.2.8.jar:/Users/Jan-Olav.Eide/.m2/repository/io/netty/netty-codec-http/4.1.123.Final/netty-codec-http-4.1.123.Final.jar:/Users/Jan-Olav.Eide/.m2/repository/io/netty/netty-codec-http2/4.1.123.Final/netty-codec-http2-4.1.123.Final.jar:/Users/Jan-Olav.Eide/.m2/repository/io/netty/netty-resolver-dns/4.1.123.Final/netty-resolver-dns-4.1.123.Final.jar:/Users/Jan-Olav.Eide/.m2/repository/io/netty/netty-codec-dns/4.1.123.Final/netty-codec-dns-4.1.123.Final.jar:/Users/Jan-Olav.Eide/.m2/repository/io/netty/netty-resolver-dns-native-macos/4.1.123.Final/netty-resolver-dns-native-macos-4.1.123.Final-osx-x86_64.jar:/Users/Jan-Olav.Eide/.m2/repository/io/netty/netty-resolver-dns-classes-macos/4.1.123.Final/netty-resolver-dns-classes-macos-4.1.123.Final.jar:/Users/Jan-Olav.Eide/.m2/repository/io/netty/netty-transport-native-epoll/4.1.123.Final/netty-transport-native-epoll-4.1.123.Final-linux-x86_64.jar:/Users/Jan-Olav.Eide/.m2/repository/io/netty/netty-transport-classes-epoll/4.1.123.Final/netty-transport-classes-epoll-4.1.123.Final.jar:/Users/Jan-Olav.Eide/.m2/repository/io/projectreactor/netty/reactor-netty-core/1.2.8/reactor-netty-core-1.2.8.jar:/Users/Jan-Olav.Eide/.m2/repository/io/netty/netty-handler-proxy/4.1.123.Final/netty-handler-proxy-4.1.123.Final.jar:/Users/Jan-Olav.Eide/.m2/repository/io/netty/netty-codec-socks/4.1.123.Final/netty-codec-socks-4.1.123.Final.jar:/Users/Jan-Olav.Eide/.m2/repository/org/springframework/spring-webflux/6.2.9/spring-webflux-6.2.9.jar:/Users/Jan-Olav.Eide/.m2/repository/org/springframework/kafka/spring-kafka/3.3.8/spring-kafka-3.3.8.jar:/Users/Jan-Olav.Eide/.m2/repository/org/springframework/spring-messaging/6.2.9/spring-messaging-6.2.9.jar:/Users/Jan-Olav.Eide/.m2/repository/org/springframework/spring-tx/6.2.9/spring-tx-6.2.9.jar:/Users/Jan-Olav.Eide/.m2/repository/org/apache/kafka/kafka-clients/3.9.1/kafka-clients-3.9.1.jar:/Users/Jan-Olav.Eide/.m2/repository/com/github/luben/zstd-jni/1.5.6-4/zstd-jni-1.5.6-4.jar:/Users/Jan-Olav.Eide/.m2/repository/org/lz4/lz4-java/1.8.0/lz4-java-1.8.0.jar:/Users/Jan-Olav.Eide/.m2/repository/org/xerial/snappy/snappy-java/1.1.10.5/snappy-java-1.1.10.5.jar:/Users/Jan-Olav.Eide/.m2/repository/org/springframework/retry/spring-retry/2.0.12/spring-retry-2.0.12.jar:/Users/Jan-Olav.Eide/.m2/repository/org/springframework/spring-aspects/6.2.9/spring-aspects-6.2.9.jar:/Users/Jan-Olav.Eide/.m2/repository/org/aspectj/aspectjweaver/1.9.24/aspectjweaver-1.9.24.jar:/Users/Jan-Olav.Eide/.m2/repository/com/github/ben-manes/caffeine/caffeine/3.2.2/caffeine-3.2.2.jar:/Users/Jan-Olav.Eide/.m2/repository/org/jspecify/jspecify/1.0.0/jspecify-1.0.0.jar:/Users/Jan-Olav.Eide/.m2/repository/com/google/errorprone/error_prone_annotations/2.40.0/error_prone_annotations-2.40.0.jar:/Users/Jan-Olav.Eide/.m2/repository/com/github/stefanbirkner/system-lambda/1.2.1/system-lambda-1.2.1.jar:/Users/Jan-Olav.Eide/.m2/repository/com/ninja-squad/springmockk/4.0.2/springmockk-4.0.2.jar:/Users/Jan-Olav.Eide/.m2/repository/io/mockk/mockk-jvm/1.13.3/mockk-jvm-1.13.3.jar:/Users/Jan-Olav.Eide/.m2/repository/io/mockk/mockk-dsl-jvm/1.13.3/mockk-dsl-jvm-1.13.3.jar:/Users/Jan-Olav.Eide/.m2/repository/io/mockk/mockk-agent-jvm/1.13.3/mockk-agent-jvm-1.13.3.jar:/Users/Jan-Olav.Eide/.m2/repository/io/mockk/mockk-agent-api-jvm/1.13.3/mockk-agent-api-jvm-1.13.3.jar:/Users/Jan-Olav.Eide/.m2/repository/io/mockk/mockk-core-jvm/1.13.3/mockk-core-jvm-1.13.3.jar:/Users/Jan-Olav.Eide/.m2/repository/org/springframework/boot/spring-boot-test/3.5.4/spring-boot-test-3.5.4.jar:/Users/Jan-Olav.Eide/.m2/repository/org/springframework/spring-test/6.2.9/spring-test-6.2.9.jar:/Users/Jan-Olav.Eide/.m2/repository/io/mockk/mockk/1.14.5/mockk-1.14.5.jar:/Users/Jan-Olav.Eide/.m2/repository/io/mockk/mockk-dsl/1.14.5/mockk-dsl-1.14.5.jar:/Users/Jan-Olav.Eide/.m2/repository/io/mockk/mockk-agent/1.14.5/mockk-agent-1.14.5.jar:/Users/Jan-Olav.Eide/.m2/repository/io/mockk/mockk-agent-api/1.14.5/mockk-agent-api-1.14.5.jar:/Users/Jan-Olav.Eide/.m2/repository/io/mockk/mockk-core/1.14.5/mockk-core-1.14.5.jar:/Users/Jan-Olav.Eide/.m2/repository/org/junit/jupiter/junit-jupiter/5.12.2/junit-jupiter-5.12.2.jar:/Users/Jan-Olav.Eide/.m2/repository/org/junit/jupiter/junit-jupiter-api/5.12.2/junit-jupiter-api-5.12.2.jar:/Users/Jan-Olav.Eide/.m2/repository/org/opentest4j/opentest4j/1.3.0/opentest4j-1.3.0.jar:/Users/Jan-Olav.Eide/.m2/repository/org/junit/platform/junit-platform-commons/1.12.2/junit-platform-commons-1.12.2.jar:/Users/Jan-Olav.Eide/.m2/repository/org/apiguardian/apiguardian-api/1.1.2/apiguardian-api-1.1.2.jar:/Users/Jan-Olav.Eide/.m2/repository/org/junit/jupiter/junit-jupiter-params/5.12.2/junit-jupiter-params-5.12.2.jar:/Users/Jan-Olav.Eide/.m2/repository/org/junit/jupiter/junit-jupiter-engine/5.12.2/junit-jupiter-engine-5.12.2.jar:/Users/Jan-Olav.Eide/.m2/repository/org/junit/platform/junit-platform-engine/1.12.2/junit-platform-engine-1.12.2.jar:/Users/Jan-Olav.Eide/.m2/repository/org/springframework/boot/spring-boot-starter-test/3.5.4/spring-boot-starter-test-3.5.4.jar:/Users/Jan-Olav.Eide/.m2/repository/org/springframework/boot/spring-boot-test-autoconfigure/3.5.4/spring-boot-test-autoconfigure-3.5.4.jar:/Users/Jan-Olav.Eide/.m2/repository/com/jayway/jsonpath/json-path/2.9.0/json-path-2.9.0.jar:/Users/Jan-Olav.Eide/.m2/repository/jakarta/xml/bind/jakarta.xml.bind-api/4.0.2/jakarta.xml.bind-api-4.0.2.jar:/Users/Jan-Olav.Eide/.m2/repository/jakarta/activation/jakarta.activation-api/2.1.3/jakarta.activation-api-2.1.3.jar:/Users/Jan-Olav.Eide/.m2/repository/net/minidev/json-smart/2.5.2/json-smart-2.5.2.jar:/Users/Jan-Olav.Eide/.m2/repository/net/minidev/accessors-smart/2.5.2/accessors-smart-2.5.2.jar:/Users/Jan-Olav.Eide/.m2/repository/org/ow2/asm/asm/9.7.1/asm-9.7.1.jar:/Users/Jan-Olav.Eide/.m2/repository/org/assertj/assertj-core/3.27.3/assertj-core-3.27.3.jar:/Users/Jan-Olav.Eide/.m2/repository/org/awaitility/awaitility/4.2.2/awaitility-4.2.2.jar:/Users/Jan-Olav.Eide/.m2/repository/org/hamcrest/hamcrest/3.0/hamcrest-3.0.jar:/Users/Jan-Olav.Eide/.m2/repository/org/mockito/mockito-core/5.17.0/mockito-core-5.17.0.jar:/Users/Jan-Olav.Eide/.m2/repository/net/bytebuddy/byte-buddy-agent/1.17.6/byte-buddy-agent-1.17.6.jar:/Users/Jan-Olav.Eide/.m2/repository/org/objenesis/objenesis/3.3/objenesis-3.3.jar:/Users/Jan-Olav.Eide/.m2/repository/org/mockito/mockito-junit-jupiter/5.17.0/mockito-junit-jupiter-5.17.0.jar:/Users/Jan-Olav.Eide/.m2/repository/org/skyscreamer/jsonassert/1.5.3/jsonassert-1.5.3.jar:/Users/Jan-Olav.Eide/.m2/repository/com/vaadin/external/google/android-json/0.0.20131108.vaadin1/android-json-0.0.20131108.vaadin1.jar:/Users/Jan-Olav.Eide/.m2/repository/org/springframework/spring-core/6.2.9/spring-core-6.2.9.jar:/Users/Jan-Olav.Eide/.m2/repository/org/springframework/spring-jcl/6.2.9/spring-jcl-6.2.9.jar:/Users/Jan-Olav.Eide/.m2/repository/org/xmlunit/xmlunit-core/2.10.3/xmlunit-core-2.10.3.jar:/Users/Jan-Olav.Eide/.m2/repository/org/springframework/boot/spring-boot-testcontainers/3.5.4/spring-boot-testcontainers-3.5.4.jar:/Users/Jan-Olav.Eide/.m2/repository/org/testcontainers/testcontainers/1.21.3/testcontainers-1.21.3.jar:/Users/Jan-Olav.Eide/.m2/repository/org/apache/commons/commons-compress/1.24.0/commons-compress-1.24.0.jar:/Users/Jan-Olav.Eide/.m2/repository/org/rnorth/duct-tape/duct-tape/1.0.8/duct-tape-1.0.8.jar:/Users/Jan-Olav.Eide/.m2/repository/com/github/docker-java/docker-java-api/3.4.2/docker-java-api-3.4.2.jar:/Users/Jan-Olav.Eide/.m2/repository/com/github/docker-java/docker-java-transport-zerodep/3.4.2/docker-java-transport-zerodep-3.4.2.jar:/Users/Jan-Olav.Eide/.m2/repository/com/github/docker-java/docker-java-transport/3.4.2/docker-java-transport-3.4.2.jar:/Users/Jan-Olav.Eide/.m2/repository/net/java/dev/jna/jna/5.13.0/jna-5.13.0.jar:/Users/Jan-Olav.Eide/.m2/repository/org/testcontainers/junit-jupiter/1.21.3/junit-jupiter-1.21.3.jar:/Users/Jan-Olav.Eide/.m2/repository/org/testcontainers/postgresql/1.21.3/postgresql-1.21.3.jar:/Users/Jan-Olav.Eide/.m2/repository/org/testcontainers/jdbc/1.21.3/jdbc-1.21.3.jar:/Users/Jan-Olav.Eide/.m2/repository/org/testcontainers/database-commons/1.21.3/database-commons-1.21.3.jar:/Users/Jan-Olav.Eide/.m2/repository/org/jetbrains/kotlin/kotlin-test-junit/1.9.25/kotlin-test-junit-1.9.25.jar:/Users/Jan-Olav.Eide/.m2/repository/org/jetbrains/kotlin/kotlin-test/1.9.25/kotlin-test-1.9.25.jar:/Users/Jan-Olav.Eide/.m2/repository/junit/junit/4.13.2/junit-4.13.2.jar:/Users/Jan-Olav.Eide/.m2/repository/org/hamcrest/hamcrest-core/3.0/hamcrest-core-3.0.jar:"/>
    <property name="sun.cpu.endian" value="little"/>
    <property name="user.home" value="/Users/Jan-Olav.Eide"/>
    <property name="user.language" value="nb"/>
    <property name="java.specification.vendor" value="Oracle Corporation"/>
    <property name="java.version.date" value="2025-04-15"/>
    <property name="java.home" value="/opt/homebrew/Cellar/openjdk/24.0.1/libexec/openjdk.jdk/Contents/Home"/>
    <property name="file.separator" value="/"/>
    <property name="basedir" value="/Users/Jan-Olav.Eide/workspaces/tilgangsmaskin"/>
    <property name="java.vm.compressedOopsMode" value="Zero based"/>
    <property name="line.separator" value="&#10;"/>
    <property name="java.vm.specification.vendor" value="Oracle Corporation"/>
    <property name="java.specification.name" value="Java Platform API Specification"/>
    <property name="apple.awt.application.name" value="ForkedBooter"/>
    <property name="surefire.real.class.path" value="/Users/Jan-Olav.Eide/workspaces/tilgangsmaskin/target/surefire/surefirebooter-20250727080808949_3.jar"/>
    <property name="sun.management.compiler" value="HotSpot 64-Bit Tiered Compilers"/>
    <property name="ftp.nonProxyHosts" value="local|*.local|169.254/16|*.169.254/16"/>
    <property name="java.runtime.version" value="24.0.1"/>
    <property name="user.name" value="Jan-Olav.Eide"/>
    <property name="stdout.encoding" value="UTF-8"/>
    <property name="path.separator" value=":"/>
    <property name="os.version" value="15.5"/>
    <property name="java.runtime.name" value="OpenJDK Runtime Environment"/>
    <property name="file.encoding" value="UTF-8"/>
    <property name="java.vm.name" value="OpenJDK 64-Bit Server VM"/>
    <property name="java.vendor.version" value="Homebrew"/>
    <property name="localRepository" value="/Users/Jan-Olav.Eide/.m2/repository"/>
    <property name="java.vendor.url.bug" value="https://github.com/Homebrew/homebrew-core/issues"/>
    <property name="java.io.tmpdir" value="/var/folders/93/8rhd66y958s64dbnyqrybtvc0000gn/T/"/>
    <property name="java.version" value="24.0.1"/>
    <property name="user.dir" value="/Users/Jan-Olav.Eide/workspaces/tilgangsmaskin"/>
    <property name="os.arch" value="aarch64"/>
    <property name="java.vm.specification.name" value="Java Virtual Machine Specification"/>
    <property name="native.encoding" value="UTF-8"/>
    <property name="java.library.path" value="/Users/Jan-Olav.Eide/Library/Java/Extensions:/Library/Java/Extensions:/Network/Library/Java/Extensions:/System/Library/Java/Extensions:/usr/lib/java:."/>
    <property name="java.vm.info" value="mixed mode, sharing"/>
    <property name="stderr.encoding" value="UTF-8"/>
    <property name="java.vendor" value="Homebrew"/>
    <property name="java.vm.version" value="24.0.1"/>
    <property name="sun.io.unicode.encoding" value="UnicodeBig"/>
    <property name="socksNonProxyHosts" value="local|*.local|169.254/16|*.169.254/16"/>
    <property name="java.class.version" value="68.0"/>
  </properties>
  <testcase name="ikkeBokstav" classname="no.nav.tilgangsmaskin.ansatt.NavIdTest" time="0.01"/>
  <testcase name="lengde" classname="no.nav.tilgangsmaskin.ansatt.NavIdTest" time="0.001"/>
  <testcase name="validNavId" classname="no.nav.tilgangsmaskin.ansatt.NavIdTest" time="0.001"/>
  <testcase name="ikke6tall" classname="no.nav.tilgangsmaskin.ansatt.NavIdTest" time="0.001"/>
</testsuite>